I am test-----
I am test-----
2019-07-17 12:46:35 INFO  LoggerHelper:22 - I am test-----
2019-07-17 12:46:35 INFO  LoggerHelper:23 - I am test-----
2019-07-17 23:09:30 INFO  ServiceHooks:31 - Create Contact is Failed
2019-07-17 23:31:19 INFO  ServiceHooks:31 - Create Contact is Failed
2019-07-18 10:39:48 INFO  ServiceHooks:40 - Create Contact is pass
2019-07-20 18:01:50 INFO  ServiceHooks:31 - Create Contact is Failed
2019-07-20 18:15:16 INFO  ServiceHooks:40 - Create Contact is pass
2019-07-20 18:29:00 INFO  ServiceHooks:40 - signin with valid credential is pass
2019-07-20 21:15:45 INFO  ServiceHooks:31 - Create Contact is Failed
2019-07-20 22:40:54 INFO  ServiceHooks:40 - Create Contact is pass
2019-07-21 09:37:35 INFO  ServiceHooks:40 - Create Contact is pass
2019-07-21 11:16:46 INFO  ServiceHooks:40 - Create Contact is pass
2019-07-21 11:56:39 INFO  ServiceHooks:31 - Create Contact is Failed
2019-07-21 20:18:51 INFO  ServiceHooks:40 - Create Contact is pass
2019-07-21 20:44:13 INFO  ServiceHooks:31 - Create Contact is Failed
2019-07-21 20:45:09 INFO  ServiceHooks:31 - Create Contact is Failed
2019-07-21 20:47:56 INFO  ServiceHooks:31 - Create Contact is Failed
2019-07-21 20:48:29 INFO  ServiceHooks:31 - Create Contact is Failed
2019-07-21 20:48:40 INFO  ServiceHooks:31 - Create Contact is Failed
2019-07-21 20:50:04 INFO  ServiceHooks:31 - Create Contact is Failed
2019-07-21 21:53:33 INFO  ServiceHooks:31 - Create Contact is Failed
2019-07-22 09:30:04 INFO  ServiceHooks:40 - Create Contact is pass
2019-07-27 09:36:16 INFO  ServiceHooks:31 - Create Contact is Failed
2019-07-27 09:37:13 INFO  ServiceHooks:40 - Create Contact is pass
2019-09-06 22:25:48 INFO  ServiceHooks:31 - Create Contact is Failed
2019-09-06 22:29:31 INFO  ServiceHooks:31 - Create Contact is Failed
2019-09-07 17:43:00 INFO  ServiceHooks:40 - user login scenario is pass
2019-09-07 17:47:40 INFO  ServiceHooks:40 - user login scenario is pass
2019-09-07 17:49:49 INFO  ServiceHooks:40 - user login scenario is pass
2019-09-07 19:16:31 INFO  ServiceHooks:31 - user login scenario is Failed
2019-09-07 19:17:12 INFO  ServiceHooks:31 - user login scenario is Failed
2019-09-07 19:18:07 INFO  ServiceHooks:31 - user login scenario is Failed
2019-09-07 19:18:37 INFO  ServiceHooks:40 - user login scenario is pass
2019-09-07 19:19:37 INFO  ServiceHooks:31 - user login scenario is Failed
2019-09-07 19:20:01 INFO  ServiceHooks:40 - user login scenario is pass
2019-09-07 19:37:28 INFO  ServiceHooks:40 - user login scenario is pass
2019-09-07 19:42:18 INFO  ServiceHooks:40 - user login scenario is pass
2019-11-29 23:48:44 INFO  ServiceHooks:31 - user login scenario is Failed
2019-11-29 23:58:09 INFO  ServiceHooks:31 - user login scenario is Failed
2020-02-16 14:19:14 INFO  LoggerHelper:22 - I am test-----
2020-02-16 14:19:14 INFO  LoggerHelper:23 - I am test-----
